<?xml version="1.0" encoding="UTF-8"?>
<testng-results ignored="0" total="1" passed="1" failed="0" skipped="0">
  <reporter-output>
  </reporter-output>
  <suite started-at="2026-05-09T22:17:33 IST" name="Default suite" finished-at="2026-05-09T22:18:04 IST" duration-ms="31478">
    <groups>
      <group name="cucumber">
        <method signature="AbstractTestNGCucumberTests.runScenario(io.cucumber.testng.PickleWrapper,io.cucumber.testng.FeatureWrapper)[pri:0, instance:com.Amazon.Baseclass.RunnerClass@75db5df9]" name="runScenario" class="io.cucumber.testng.AbstractTestNGCucumberTests"/>
      </group> <!-- cucumber -->
    </groups>
    <test started-at="2026-05-09T22:17:33 IST" name="Default test" finished-at="2026-05-09T22:18:04 IST" duration-ms="31478">
      <class name="com.Amazon.Baseclass.RunnerClass">
        <test-method is-config="true" signature="setUpClass(org.testng.ITestContext)[pri:0, instance:com.Amazon.Baseclass.RunnerClass@75db5df9]" started-at="2026-05-09T22:17:33 IST" name="setUpClass" finished-at="2026-05-09T22:17:34 IST" duration-ms="689" status="PASS">
          <params>
            <param index="0">
              <value>
                <![CDATA[org.testng.TestRunner@3d4e405e]]>
              </value>
            </param>
          </params>
          <reporter-output>
          </reporter-output>
        </test-method> <!-- setUpClass -->
        <test-method signature="runScenario(io.cucumber.testng.PickleWrapper,io.cucumber.testng.FeatureWrapper)[pri:0, instance:com.Amazon.Baseclass.RunnerClass@75db5df9]" started-at="2026-05-09T22:17:34 IST" name="runScenario" description="Runs Cucumber Scenarios" data-provider="scenarios" finished-at="2026-05-09T22:18:04 IST" duration-ms="30617" status="PASS">
          <params>
            <param index="0">
              <value>
                <![CDATA["Working on non sponsered product"]]>
              </value>
            </param>
            <param index="1">
              <value>
                <![CDATA["Search funtionality"]]>
              </value>
            </param>
          </params>
          <reporter-output>
          </reporter-output>
        </test-method> <!-- runScenario -->
        <test-method is-config="true" signature="tearDownClass()[pri:0, instance:com.Amazon.Baseclass.RunnerClass@75db5df9]" started-at="2026-05-09T22:18:04 IST" name="tearDownClass" finished-at="2026-05-09T22:18:04 IST" duration-ms="112" status="PASS">
          <reporter-output>
          </reporter-output>
        </test-method> <!-- tearDownClass -->
      </class> <!-- com.Amazon.Baseclass.RunnerClass -->
    </test> <!-- Default test -->
  </suite> <!-- Default suite -->
</testng-results>
