<?xml version="1.0" encoding="UTF-8"?>
<testng-results ignored="0" total="1" passed="1" failed="0" skipped="0">
  <reporter-output>
  </reporter-output>
  <suite started-at="2026-05-09T22:32:00 IST" name="AmazonWebsiteSuite" finished-at="2026-05-09T22:32:26 IST" duration-ms="25513">
    <groups>
      <group name="cucumber">
        <method signature="AbstractTestNGCucumberTests.runScenario(io.cucumber.testng.PickleWrapper,io.cucumber.testng.FeatureWrapper)[pri:0, instance:com.Amazon.Baseclass.RunnerClass@609cd4d8]" name="runScenario" class="io.cucumber.testng.AbstractTestNGCucumberTests"/>
      </group> <!-- cucumber -->
    </groups>
    <test started-at="2026-05-09T22:32:00 IST" name="CucumberTests" finished-at="2026-05-09T22:32:26 IST" duration-ms="25513">
      <class name="com.Amazon.Baseclass.RunnerClass">
        <test-method is-config="true" signature="setUpClass(org.testng.ITestContext)[pri:0, instance:com.Amazon.Baseclass.RunnerClass@609cd4d8]" started-at="2026-05-09T22:32:00 IST" name="setUpClass" finished-at="2026-05-09T22:32:00 IST" duration-ms="390" status="PASS">
          <params>
            <param index="0">
              <value>
                <![CDATA[org.testng.TestRunner@434514d8]]>
              </value>
            </param>
          </params>
          <reporter-output>
          </reporter-output>
        </test-method> <!-- setUpClass -->
        <test-method signature="runScenario(io.cucumber.testng.PickleWrapper,io.cucumber.testng.FeatureWrapper)[pri:0, instance:com.Amazon.Baseclass.RunnerClass@609cd4d8]" started-at="2026-05-09T22:32:00 IST" name="runScenario" description="Runs Cucumber Scenarios" data-provider="scenarios" finished-at="2026-05-09T22:32:25 IST" duration-ms="24993" status="PASS">
          <params>
            <param index="0">
              <value>
                <![CDATA["Working on non sponsered product"]]>
              </value>
            </param>
            <param index="1">
              <value>
                <![CDATA["Search funtionality"]]>
              </value>
            </param>
          </params>
          <reporter-output>
          </reporter-output>
        </test-method> <!-- runScenario -->
        <test-method is-config="true" signature="tearDownClass()[pri:0, instance:com.Amazon.Baseclass.RunnerClass@609cd4d8]" started-at="2026-05-09T22:32:25 IST" name="tearDownClass" finished-at="2026-05-09T22:32:26 IST" duration-ms="91" status="PASS">
          <reporter-output>
          </reporter-output>
        </test-method> <!-- tearDownClass -->
      </class> <!-- com.Amazon.Baseclass.RunnerClass -->
    </test> <!-- CucumberTests -->
  </suite> <!-- AmazonWebsiteSuite -->
</testng-results>
